Determining if the pthread_create exist failed with the following output:
Change Dir: /home/eric/workspace/elib/EricsLib/CMakeFiles/CMakeTmp

Run Build Command:/usr/bin/make "cmTryCompileExec433362564/fast"
/usr/bin/make -f CMakeFiles/cmTryCompileExec433362564.dir/build.make CMakeFiles/cmTryCompileExec433362564.dir/build
make[1]: Entering directory `/home/eric/workspace/elib/EricsLib/CMakeFiles/CMakeTmp'
/usr/bin/cmake -E cmake_progress_report /home/eric/workspace/elib/EricsLib/CMakeFiles/CMakeTmp/CMakeFiles 1
Building C object CMakeFiles/cmTryCompileExec433362564.dir/CheckSymbolExists.c.o
/usr/bin/gcc    -o CMakeFiles/cmTryCompileExec433362564.dir/CheckSymbolExists.c.o   -c /home/eric/workspace/elib/EricsLib/CMakeFiles/CMakeTmp/CheckSymbolExists.c
Linking C executable cmTryCompileExec433362564
/usr/bin/cmake -E cmake_link_script CMakeFiles/cmTryCompileExec433362564.dir/link.txt --verbose=1
/usr/bin/gcc         CMakeFiles/cmTryCompileExec433362564.dir/CheckSymbolExists.c.o  -o cmTryCompileExec433362564 -rdynamic 
CMakeFiles/cmTryCompileExec433362564.dir/CheckSymbolExists.c.o: In function `main':
CheckSymbolExists.c:(.text+0x16): undefined reference to `pthread_create'
collect2: error: ld returned 1 exit status
make[1]: Leaving directory `/home/eric/workspace/elib/EricsLib/CMakeFiles/CMakeTmp'
make[1]: *** [cmTryCompileExec433362564] Error 1
make: *** [cmTryCompileExec433362564/fast] Error 2

File /home/eric/workspace/elib/EricsLib/CMakeFiles/CMakeTmp/CheckSymbolExists.c:
/* */
#include <pthread.h>

int main(int argc, char** argv)
{
  (void)argv;
#ifndef pthread_create
  return ((int*)(&pthread_create))[argc];
#else
  (void)argc;
  return 0;
#endif
}

Determining if the function pthread_create exists in the pthreads failed with the following output:
Change Dir: /home/eric/workspace/elib/EricsLib/CMakeFiles/CMakeTmp

Run Build Command:/usr/bin/make "cmTryCompileExec3645080659/fast"
/usr/bin/make -f CMakeFiles/cmTryCompileExec3645080659.dir/build.make CMakeFiles/cmTryCompileExec3645080659.dir/build
make[1]: Entering directory `/home/eric/workspace/elib/EricsLib/CMakeFiles/CMakeTmp'
/usr/bin/cmake -E cmake_progress_report /home/eric/workspace/elib/EricsLib/CMakeFiles/CMakeTmp/CMakeFiles 1
Building C object CMakeFiles/cmTryCompileExec3645080659.dir/CheckFunctionExists.c.o
/usr/bin/gcc   -DCHECK_FUNCTION_EXISTS=pthread_create   -o CMakeFiles/cmTryCompileExec3645080659.dir/CheckFunctionExists.c.o   -c /usr/share/cmake-2.8/Modules/CheckFunctionExists.c
Linking C executable cmTryCompileExec3645080659
/usr/bin/cmake -E cmake_link_script CMakeFiles/cmTryCompileExec3645080659.dir/link.txt --verbose=1
/usr/bin/gcc     -DCHECK_FUNCTION_EXISTS=pthread_create    CMakeFiles/cmTryCompileExec3645080659.dir/CheckFunctionExists.c.o  -o cmTryCompileExec3645080659 -rdynamic -lpthreads 
/usr/bin/ld: cannot find -lpthreads
collect2: error: ld returned 1 exit status
make[1]: Leaving directory `/home/eric/workspace/elib/EricsLib/CMakeFiles/CMakeTmp'
make[1]: *** [cmTryCompileExec3645080659] Error 1
make: *** [cmTryCompileExec3645080659/fast] Error 2


